<?xml version="1.0" encoding="UTF-8"?>
<!-- Generated by org.testng.reporters.JUnitReportReporter -->
<testsuite hostname="LAPTOP-6H0FSJA9" failures="0" tests="1" name="Testng.Baseclass" time="0.016" errors="0" timestamp="2023-09-15T21:37:57 IST" skipped="0">
  <testcase classname="Testng.Baseclass" name="verifyurl" time="0.016"/>
  <system-out/>
</testsuite> <!-- Testng.Baseclass -->
