<?xml version="1.0" encoding="UTF-8"?>
<!-- Generated by org.testng.reporters.JUnitReportReporter -->
<testsuite hostname="CFLNAVALUR5269" failures="0" tests="1" name="Mobile.SDETMobile_Testing.BaseClass" time="42.122" errors="0" timestamp="2023-12-01T12:42:40 IST" skipped="0">
  <testcase classname="Mobile.SDETMobile_Testing.BaseClass" name="AppiumApplication" time="42.122"/>
</testsuite> <!-- Mobile.SDETMobile_Testing.BaseClass -->
